<?xml version="1.0" encoding="UTF-8"?>
<testng-results ignored="0" total="1" passed="1" failed="0" skipped="0">
  <reporter-output>
  </reporter-output>
  <suite started-at="2022-05-24T16:17:07 IST" name="Suite" finished-at="2022-05-24T16:17:18 IST" duration-ms="10812">
    <groups>
    </groups>
    <test started-at="2022-05-24T16:17:07 IST" name="Test" finished-at="2022-05-24T16:17:18 IST" duration-ms="10812">
      <class name="xmleditor.NewTest">
        <test-method signature="f(java.lang.String,java.lang.String)[pri:0, instance:xmleditor.NewTest@6193932a]" started-at="2022-05-24T16:17:07 IST" name="f" finished-at="2022-05-24T16:17:18 IST" duration-ms="10757" status="PASS">
          <params>
            <param index="0">
              <value>
                <![CDATA[admin@gmail.com]]>
              </value>
            </param>
            <param index="1">
              <value>
                <![CDATA[2002100]]>
              </value>
            </param>
          </params>
          <reporter-output>
          </reporter-output>
        </test-method> <!-- f -->
      </class> <!-- xmleditor.NewTest -->
    </test> <!-- Test -->
  </suite> <!-- Suite -->
</testng-results>
