<?xml version="1.0" encoding="UTF-8"?>
<testng-results ignored="0" total="1" passed="1" failed="0" skipped="0">
  <reporter-output>
  </reporter-output>
  <suite started-at="2022-05-19T10:13:03 IST" name="Default suite" finished-at="2022-05-19T10:13:17 IST" duration-ms="14253">
    <groups>
    </groups>
    <test started-at="2022-05-19T10:13:03 IST" name="Default test" finished-at="2022-05-19T10:13:17 IST" duration-ms="14253">
      <class name="task2.NewTest2">
        <test-method signature="f()[pri:0, instance:task2.NewTest2@163e4e87]" started-at="2022-05-19T10:13:03 IST" name="f" finished-at="2022-05-19T10:13:17 IST" duration-ms="14135" status="PASS">
          <reporter-output>
          </reporter-output>
        </test-method> <!-- f -->
      </class> <!-- task2.NewTest2 -->
    </test> <!-- Default test -->
  </suite> <!-- Default suite -->
</testng-results>
